abr 21, 2020 3:00:42 PM com.redhat.quarkus.ls.QuarkusLanguageServer initialize
INFORMAÇÕES: Initializing Quarkus server 0.0.4-20191120-1547 with C:\Program Files\JetBrains\IntelliJ IDEA 2020.1\jbr
abr 21, 2020 3:01:02 PM org.eclipse.lsp4j.jsonrpc.RemoteEndpoint handleNotification
ADVERTÊNCIA: Notification threw an exception: {
  "jsonrpc": "2.0",
  "method": "textDocument/didChange",
  "params": {
    "textDocument": {
      "version": 36,
      "uri": "file:///E:/workspace/crud-with-quarkus/src/main/resources/application.properties"
    },
    "contentChanges": [
      {
        "range": {
          "start": {
            "line": 1,
            "character": 12
          },
          "end": {
            "line": 2,
            "character": 0
          }
        },
        "rangeLength": -12,
        "text": ""
      }
    ]
  }
}
java.lang.RuntimeException: java.lang.reflect.InvocationTargetException
	at org.eclipse.lsp4j.jsonrpc.services.GenericEndpoint.lambda$null$0(GenericEndpoint.java:67)
	at org.eclipse.lsp4j.jsonrpc.services.GenericEndpoint.notify(GenericEndpoint.java:152)
	at org.eclipse.lsp4j.jsonrpc.RemoteEndpoint.handleNotification(RemoteEndpoint.java:220)
	at org.eclipse.lsp4j.jsonrpc.RemoteEndpoint.consume(RemoteEndpoint.java:187)
	at com.redhat.quarkus.ls.commons.ParentProcessWatcher.lambda$apply$0(ParentProcessWatcher.java:140)
	at org.eclipse.lsp4j.jsonrpc.json.StreamMessageProducer.handleMessage(StreamMessageProducer.java:194)
	at org.eclipse.lsp4j.jsonrpc.json.StreamMessageProducer.listen(StreamMessageProducer.java:94)
	at org.eclipse.lsp4j.jsonrpc.json.ConcurrentMessageProcessor.run(ConcurrentMessageProcessor.java:113)
	at java.base/java.util.concurrent.Executors$RunnableAdapter.call(Executors.java:515)
	at java.base/java.util.concurrent.FutureTask.run(FutureTask.java:264)
	at java.base/java.util.concurrent.ThreadPoolExecutor.runWorker(ThreadPoolExecutor.java:1128)
	at java.base/java.util.concurrent.ThreadPoolExecutor$Worker.run(ThreadPoolExecutor.java:628)
	at java.base/java.lang.Thread.run(Thread.java:834)
Caused by: java.lang.reflect.InvocationTargetException
	at jdk.internal.reflect.GeneratedMethodAccessor2.invoke(Unknown Source)
	at java.base/jdk.internal.reflect.DelegatingMethodAccessorImpl.invoke(DelegatingMethodAccessorImpl.java:43)
	at java.base/java.lang.reflect.Method.invoke(Method.java:566)
	at org.eclipse.lsp4j.jsonrpc.services.GenericEndpoint.lambda$null$0(GenericEndpoint.java:65)
	... 12 more
Caused by: java.lang.StringIndexOutOfBoundsException: start 33, end 21, length 52
	at java.base/java.lang.AbstractStringBuilder.checkRangeSIOOBE(AbstractStringBuilder.java:1724)
	at java.base/java.lang.AbstractStringBuilder.replace(AbstractStringBuilder.java:946)
	at java.base/java.lang.StringBuilder.replace(StringBuilder.java:302)
	at com.redhat.quarkus.ls.commons.TextDocument.update(TextDocument.java:177)
	at com.redhat.quarkus.ls.commons.TextDocuments.onDidChangeTextDocument(TextDocuments.java:83)
	at com.redhat.quarkus.ls.QuarkusTextDocumentService.didChange(QuarkusTextDocumentService.java:113)
	... 16 more

abr 21, 2020 3:56:21 PM com.redhat.quarkus.ls.QuarkusLanguageServer initialize
INFORMAÇÕES: Initializing Quarkus server 0.0.4-20191120-1547 with C:\Program Files\JetBrains\IntelliJ IDEA 2020.1\jbr
abr 21, 2020 4:00:50 PM com.redhat.quarkus.services.QuarkusCompletions doComplete
GRAVE: In QuarkusCompletion, position error
com.redhat.quarkus.ls.commons.BadLocationException: The character value, {55} of the line2}, is out of bounds.
	at com.redhat.quarkus.ls.commons.TreeLineTracker.getOffsetAt(TreeLineTracker.java:1214)
	at com.redhat.quarkus.ls.commons.TextDocument.offsetAt(TextDocument.java:76)
	at com.redhat.quarkus.model.PropertiesModel.offsetAt(PropertiesModel.java:168)
	at com.redhat.quarkus.services.QuarkusCompletions.doComplete(QuarkusCompletions.java:76)
	at com.redhat.quarkus.services.QuarkusLanguageService.doComplete(QuarkusLanguageService.java:83)
	at com.redhat.quarkus.ls.QuarkusTextDocumentService.lambda$null$1(QuarkusTextDocumentService.java:144)
	at java.base/java.util.concurrent.CompletableFuture.biApply(CompletableFuture.java:1236)
	at java.base/java.util.concurrent.CompletableFuture$BiApply.tryFire(CompletableFuture.java:1205)
	at java.base/java.util.concurrent.CompletableFuture$Completion.exec(CompletableFuture.java:479)
	at java.base/java.util.concurrent.ForkJoinTask.doExec(ForkJoinTask.java:290)
	at java.base/java.util.concurrent.ForkJoinPool$WorkQueue.topLevelExec(ForkJoinPool.java:1020)
	at java.base/java.util.concurrent.ForkJoinPool.scan(ForkJoinPool.java:1656)
	at java.base/java.util.concurrent.ForkJoinPool.runWorker(ForkJoinPool.java:1594)
	at java.base/java.util.concurrent.ForkJoinWorkerThread.run(ForkJoinWorkerThread.java:177)

abr 21, 2020 4:00:50 PM com.redhat.quarkus.services.QuarkusCompletions doComplete
GRAVE: In QuarkusCompletion, position error
com.redhat.quarkus.ls.commons.BadLocationException: The character value, {55} of the line2}, is out of bounds.
	at com.redhat.quarkus.ls.commons.TreeLineTracker.getOffsetAt(TreeLineTracker.java:1214)
	at com.redhat.quarkus.ls.commons.TextDocument.offsetAt(TextDocument.java:76)
	at com.redhat.quarkus.model.PropertiesModel.offsetAt(PropertiesModel.java:168)
	at com.redhat.quarkus.services.QuarkusCompletions.doComplete(QuarkusCompletions.java:76)
	at com.redhat.quarkus.services.QuarkusLanguageService.doComplete(QuarkusLanguageService.java:83)
	at com.redhat.quarkus.ls.QuarkusTextDocumentService.lambda$null$1(QuarkusTextDocumentService.java:144)
	at java.base/java.util.concurrent.CompletableFuture.biApply(CompletableFuture.java:1236)
	at java.base/java.util.concurrent.CompletableFuture$BiApply.tryFire(CompletableFuture.java:1205)
	at java.base/java.util.concurrent.CompletableFuture$Completion.exec(CompletableFuture.java:479)
	at java.base/java.util.concurrent.ForkJoinTask.doExec(ForkJoinTask.java:290)
	at java.base/java.util.concurrent.ForkJoinPool$WorkQueue.topLevelExec(ForkJoinPool.java:1020)
	at java.base/java.util.concurrent.ForkJoinPool.scan(ForkJoinPool.java:1656)
	at java.base/java.util.concurrent.ForkJoinPool.runWorker(ForkJoinPool.java:1594)
	at java.base/java.util.concurrent.ForkJoinWorkerThread.run(ForkJoinWorkerThread.java:177)

abr 21, 2020 4:02:04 PM org.eclipse.lsp4j.jsonrpc.RemoteEndpoint handleNotification
ADVERTÊNCIA: Notification threw an exception: {
  "jsonrpc": "2.0",
  "method": "textDocument/didChange",
  "params": {
    "textDocument": {
      "version": 202,
      "uri": "file:///E:/workspace/crud-with-quarkus/src/main/resources/application.properties"
    },
    "contentChanges": [
      {
        "range": {
          "start": {
            "line": 3,
            "character": 26
          },
          "end": {
            "line": 4,
            "character": 0
          }
        },
        "rangeLength": -26,
        "text": ""
      }
    ]
  }
}
java.lang.RuntimeException: java.lang.reflect.InvocationTargetException
	at org.eclipse.lsp4j.jsonrpc.services.GenericEndpoint.lambda$null$0(GenericEndpoint.java:67)
	at org.eclipse.lsp4j.jsonrpc.services.GenericEndpoint.notify(GenericEndpoint.java:152)
	at org.eclipse.lsp4j.jsonrpc.RemoteEndpoint.handleNotification(RemoteEndpoint.java:220)
	at org.eclipse.lsp4j.jsonrpc.RemoteEndpoint.consume(RemoteEndpoint.java:187)
	at com.redhat.quarkus.ls.commons.ParentProcessWatcher.lambda$apply$0(ParentProcessWatcher.java:140)
	at org.eclipse.lsp4j.jsonrpc.json.StreamMessageProducer.handleMessage(StreamMessageProducer.java:194)
	at org.eclipse.lsp4j.jsonrpc.json.StreamMessageProducer.listen(StreamMessageProducer.java:94)
	at org.eclipse.lsp4j.jsonrpc.json.ConcurrentMessageProcessor.run(ConcurrentMessageProcessor.java:113)
	at java.base/java.util.concurrent.Executors$RunnableAdapter.call(Executors.java:515)
	at java.base/java.util.concurrent.FutureTask.run(FutureTask.java:264)
	at java.base/java.util.concurrent.ThreadPoolExecutor.runWorker(ThreadPoolExecutor.java:1128)
	at java.base/java.util.concurrent.ThreadPoolExecutor$Worker.run(ThreadPoolExecutor.java:628)
	at java.base/java.lang.Thread.run(Thread.java:834)
Caused by: java.lang.reflect.InvocationTargetException
	at jdk.internal.reflect.GeneratedMethodAccessor1.invoke(Unknown Source)
	at java.base/jdk.internal.reflect.DelegatingMethodAccessorImpl.invoke(DelegatingMethodAccessorImpl.java:43)
	at java.base/java.lang.reflect.Method.invoke(Method.java:566)
	at org.eclipse.lsp4j.jsonrpc.services.GenericEndpoint.lambda$null$0(GenericEndpoint.java:65)
	... 12 more
Caused by: java.lang.StringIndexOutOfBoundsException: start 97, end 71, length 349
	at java.base/java.lang.AbstractStringBuilder.checkRangeSIOOBE(AbstractStringBuilder.java:1724)
	at java.base/java.lang.AbstractStringBuilder.replace(AbstractStringBuilder.java:946)
	at java.base/java.lang.StringBuilder.replace(StringBuilder.java:302)
	at com.redhat.quarkus.ls.commons.TextDocument.update(TextDocument.java:177)
	at com.redhat.quarkus.ls.commons.TextDocuments.onDidChangeTextDocument(TextDocuments.java:83)
	at com.redhat.quarkus.ls.QuarkusTextDocumentService.didChange(QuarkusTextDocumentService.java:113)
	... 16 more

abr 21, 2020 4:52:10 PM com.redhat.quarkus.services.QuarkusCompletions doComplete
GRAVE: In QuarkusCompletion, position error
com.redhat.quarkus.ls.commons.BadLocationException: The character value, {38} of the line4}, is out of bounds.
	at com.redhat.quarkus.ls.commons.TreeLineTracker.getOffsetAt(TreeLineTracker.java:1214)
	at com.redhat.quarkus.ls.commons.TextDocument.offsetAt(TextDocument.java:76)
	at com.redhat.quarkus.model.PropertiesModel.offsetAt(PropertiesModel.java:168)
	at com.redhat.quarkus.services.QuarkusCompletions.doComplete(QuarkusCompletions.java:76)
	at com.redhat.quarkus.services.QuarkusLanguageService.doComplete(QuarkusLanguageService.java:83)
	at com.redhat.quarkus.ls.QuarkusTextDocumentService.lambda$null$1(QuarkusTextDocumentService.java:144)
	at java.base/java.util.concurrent.CompletableFuture.biApply(CompletableFuture.java:1236)
	at java.base/java.util.concurrent.CompletableFuture$BiApply.tryFire(CompletableFuture.java:1205)
	at java.base/java.util.concurrent.CompletableFuture$Completion.exec(CompletableFuture.java:479)
	at java.base/java.util.concurrent.ForkJoinTask.doExec(ForkJoinTask.java:290)
	at java.base/java.util.concurrent.ForkJoinPool$WorkQueue.topLevelExec(ForkJoinPool.java:1020)
	at java.base/java.util.concurrent.ForkJoinPool.scan(ForkJoinPool.java:1656)
	at java.base/java.util.concurrent.ForkJoinPool.runWorker(ForkJoinPool.java:1594)
	at java.base/java.util.concurrent.ForkJoinWorkerThread.run(ForkJoinWorkerThread.java:177)

abr 21, 2020 4:52:10 PM com.redhat.quarkus.services.QuarkusCompletions doComplete
GRAVE: In QuarkusCompletion, position error
com.redhat.quarkus.ls.commons.BadLocationException: The character value, {38} of the line4}, is out of bounds.
	at com.redhat.quarkus.ls.commons.TreeLineTracker.getOffsetAt(TreeLineTracker.java:1214)
	at com.redhat.quarkus.ls.commons.TextDocument.offsetAt(TextDocument.java:76)
	at com.redhat.quarkus.model.PropertiesModel.offsetAt(PropertiesModel.java:168)
	at com.redhat.quarkus.services.QuarkusCompletions.doComplete(QuarkusCompletions.java:76)
	at com.redhat.quarkus.services.QuarkusLanguageService.doComplete(QuarkusLanguageService.java:83)
	at com.redhat.quarkus.ls.QuarkusTextDocumentService.lambda$null$1(QuarkusTextDocumentService.java:144)
	at java.base/java.util.concurrent.CompletableFuture.biApply(CompletableFuture.java:1236)
	at java.base/java.util.concurrent.CompletableFuture$BiApply.tryFire(CompletableFuture.java:1205)
	at java.base/java.util.concurrent.CompletableFuture$Completion.exec(CompletableFuture.java:479)
	at java.base/java.util.concurrent.ForkJoinTask.doExec(ForkJoinTask.java:290)
	at java.base/java.util.concurrent.ForkJoinPool$WorkQueue.topLevelExec(ForkJoinPool.java:1020)
	at java.base/java.util.concurrent.ForkJoinPool.scan(ForkJoinPool.java:1656)
	at java.base/java.util.concurrent.ForkJoinPool.runWorker(ForkJoinPool.java:1594)
	at java.base/java.util.concurrent.ForkJoinWorkerThread.run(ForkJoinWorkerThread.java:177)

abr 21, 2020 4:52:10 PM com.redhat.quarkus.services.QuarkusCompletions doComplete
GRAVE: In QuarkusCompletion, position error
com.redhat.quarkus.ls.commons.BadLocationException: The character value, {39} of the line4}, is out of bounds.
	at com.redhat.quarkus.ls.commons.TreeLineTracker.getOffsetAt(TreeLineTracker.java:1214)
	at com.redhat.quarkus.ls.commons.TextDocument.offsetAt(TextDocument.java:76)
	at com.redhat.quarkus.model.PropertiesModel.offsetAt(PropertiesModel.java:168)
	at com.redhat.quarkus.services.QuarkusCompletions.doComplete(QuarkusCompletions.java:76)
	at com.redhat.quarkus.services.QuarkusLanguageService.doComplete(QuarkusLanguageService.java:83)
	at com.redhat.quarkus.ls.QuarkusTextDocumentService.lambda$null$1(QuarkusTextDocumentService.java:144)
	at java.base/java.util.concurrent.CompletableFuture.biApply(CompletableFuture.java:1236)
	at java.base/java.util.concurrent.CompletableFuture$BiApply.tryFire(CompletableFuture.java:1205)
	at java.base/java.util.concurrent.CompletableFuture$Completion.exec(CompletableFuture.java:479)
	at java.base/java.util.concurrent.ForkJoinTask.doExec(ForkJoinTask.java:290)
	at java.base/java.util.concurrent.ForkJoinPool$WorkQueue.topLevelExec(ForkJoinPool.java:1020)
	at java.base/java.util.concurrent.ForkJoinPool.scan(ForkJoinPool.java:1656)
	at java.base/java.util.concurrent.ForkJoinPool.runWorker(ForkJoinPool.java:1594)
	at java.base/java.util.concurrent.ForkJoinWorkerThread.run(ForkJoinWorkerThread.java:177)

abr 21, 2020 4:52:10 PM com.redhat.quarkus.services.QuarkusCompletions doComplete
GRAVE: In QuarkusCompletion, position error
com.redhat.quarkus.ls.commons.BadLocationException: The character value, {39} of the line4}, is out of bounds.
	at com.redhat.quarkus.ls.commons.TreeLineTracker.getOffsetAt(TreeLineTracker.java:1214)
	at com.redhat.quarkus.ls.commons.TextDocument.offsetAt(TextDocument.java:76)
	at com.redhat.quarkus.model.PropertiesModel.offsetAt(PropertiesModel.java:168)
	at com.redhat.quarkus.services.QuarkusCompletions.doComplete(QuarkusCompletions.java:76)
	at com.redhat.quarkus.services.QuarkusLanguageService.doComplete(QuarkusLanguageService.java:83)
	at com.redhat.quarkus.ls.QuarkusTextDocumentService.lambda$null$1(QuarkusTextDocumentService.java:144)
	at java.base/java.util.concurrent.CompletableFuture.biApply(CompletableFuture.java:1236)
	at java.base/java.util.concurrent.CompletableFuture$BiApply.tryFire(CompletableFuture.java:1205)
	at java.base/java.util.concurrent.CompletableFuture$Completion.exec(CompletableFuture.java:479)
	at java.base/java.util.concurrent.ForkJoinTask.doExec(ForkJoinTask.java:290)
	at java.base/java.util.concurrent.ForkJoinPool$WorkQueue.topLevelExec(ForkJoinPool.java:1020)
	at java.base/java.util.concurrent.ForkJoinPool.scan(ForkJoinPool.java:1656)
	at java.base/java.util.concurrent.ForkJoinPool.runWorker(ForkJoinPool.java:1594)
	at java.base/java.util.concurrent.ForkJoinWorkerThread.run(ForkJoinWorkerThread.java:177)

abr 21, 2020 4:52:10 PM com.redhat.quarkus.services.QuarkusCompletions doComplete
GRAVE: In QuarkusCompletion, position error
com.redhat.quarkus.ls.commons.BadLocationException: The character value, {40} of the line4}, is out of bounds.
	at com.redhat.quarkus.ls.commons.TreeLineTracker.getOffsetAt(TreeLineTracker.java:1214)
	at com.redhat.quarkus.ls.commons.TextDocument.offsetAt(TextDocument.java:76)
	at com.redhat.quarkus.model.PropertiesModel.offsetAt(PropertiesModel.java:168)
	at com.redhat.quarkus.services.QuarkusCompletions.doComplete(QuarkusCompletions.java:76)
	at com.redhat.quarkus.services.QuarkusLanguageService.doComplete(QuarkusLanguageService.java:83)
	at com.redhat.quarkus.ls.QuarkusTextDocumentService.lambda$null$1(QuarkusTextDocumentService.java:144)
	at java.base/java.util.concurrent.CompletableFuture.biApply(CompletableFuture.java:1236)
	at java.base/java.util.concurrent.CompletableFuture$BiApply.tryFire(CompletableFuture.java:1205)
	at java.base/java.util.concurrent.CompletableFuture$Completion.exec(CompletableFuture.java:479)
	at java.base/java.util.concurrent.ForkJoinTask.doExec(ForkJoinTask.java:290)
	at java.base/java.util.concurrent.ForkJoinPool$WorkQueue.topLevelExec(ForkJoinPool.java:1020)
	at java.base/java.util.concurrent.ForkJoinPool.scan(ForkJoinPool.java:1656)
	at java.base/java.util.concurrent.ForkJoinPool.runWorker(ForkJoinPool.java:1594)
	at java.base/java.util.concurrent.ForkJoinWorkerThread.run(ForkJoinWorkerThread.java:177)

abr 21, 2020 4:52:10 PM com.redhat.quarkus.services.QuarkusCompletions doComplete
GRAVE: In QuarkusCompletion, position error
com.redhat.quarkus.ls.commons.BadLocationException: The character value, {40} of the line4}, is out of bounds.
	at com.redhat.quarkus.ls.commons.TreeLineTracker.getOffsetAt(TreeLineTracker.java:1214)
	at com.redhat.quarkus.ls.commons.TextDocument.offsetAt(TextDocument.java:76)
	at com.redhat.quarkus.model.PropertiesModel.offsetAt(PropertiesModel.java:168)
	at com.redhat.quarkus.services.QuarkusCompletions.doComplete(QuarkusCompletions.java:76)
	at com.redhat.quarkus.services.QuarkusLanguageService.doComplete(QuarkusLanguageService.java:83)
	at com.redhat.quarkus.ls.QuarkusTextDocumentService.lambda$null$1(QuarkusTextDocumentService.java:144)
	at java.base/java.util.concurrent.CompletableFuture.biApply(CompletableFuture.java:1236)
	at java.base/java.util.concurrent.CompletableFuture$BiApply.tryFire(CompletableFuture.java:1205)
	at java.base/java.util.concurrent.CompletableFuture$Completion.exec(CompletableFuture.java:479)
	at java.base/java.util.concurrent.ForkJoinTask.doExec(ForkJoinTask.java:290)
	at java.base/java.util.concurrent.ForkJoinPool$WorkQueue.topLevelExec(ForkJoinPool.java:1020)
	at java.base/java.util.concurrent.ForkJoinPool.scan(ForkJoinPool.java:1656)
	at java.base/java.util.concurrent.ForkJoinPool.runWorker(ForkJoinPool.java:1594)
	at java.base/java.util.concurrent.ForkJoinWorkerThread.run(ForkJoinWorkerThread.java:177)

abr 21, 2020 4:52:10 PM com.redhat.quarkus.services.QuarkusCompletions doComplete
GRAVE: In QuarkusCompletion, position error
com.redhat.quarkus.ls.commons.BadLocationException: The character value, {41} of the line4}, is out of bounds.
	at com.redhat.quarkus.ls.commons.TreeLineTracker.getOffsetAt(TreeLineTracker.java:1214)
	at com.redhat.quarkus.ls.commons.TextDocument.offsetAt(TextDocument.java:76)
	at com.redhat.quarkus.model.PropertiesModel.offsetAt(PropertiesModel.java:168)
	at com.redhat.quarkus.services.QuarkusCompletions.doComplete(QuarkusCompletions.java:76)
	at com.redhat.quarkus.services.QuarkusLanguageService.doComplete(QuarkusLanguageService.java:83)
	at com.redhat.quarkus.ls.QuarkusTextDocumentService.lambda$null$1(QuarkusTextDocumentService.java:144)
	at java.base/java.util.concurrent.CompletableFuture.biApply(CompletableFuture.java:1236)
	at java.base/java.util.concurrent.CompletableFuture$BiApply.tryFire(CompletableFuture.java:1205)
	at java.base/java.util.concurrent.CompletableFuture$Completion.exec(CompletableFuture.java:479)
	at java.base/java.util.concurrent.ForkJoinTask.doExec(ForkJoinTask.java:290)
	at java.base/java.util.concurrent.ForkJoinPool$WorkQueue.topLevelExec(ForkJoinPool.java:1020)
	at java.base/java.util.concurrent.ForkJoinPool.scan(ForkJoinPool.java:1656)
	at java.base/java.util.concurrent.ForkJoinPool.runWorker(ForkJoinPool.java:1594)
	at java.base/java.util.concurrent.ForkJoinWorkerThread.run(ForkJoinWorkerThread.java:177)

abr 21, 2020 4:52:10 PM com.redhat.quarkus.services.QuarkusCompletions doComplete
GRAVE: In QuarkusCompletion, position error
com.redhat.quarkus.ls.commons.BadLocationException: The character value, {41} of the line4}, is out of bounds.
	at com.redhat.quarkus.ls.commons.TreeLineTracker.getOffsetAt(TreeLineTracker.java:1214)
	at com.redhat.quarkus.ls.commons.TextDocument.offsetAt(TextDocument.java:76)
	at com.redhat.quarkus.model.PropertiesModel.offsetAt(PropertiesModel.java:168)
	at com.redhat.quarkus.services.QuarkusCompletions.doComplete(QuarkusCompletions.java:76)
	at com.redhat.quarkus.services.QuarkusLanguageService.doComplete(QuarkusLanguageService.java:83)
	at com.redhat.quarkus.ls.QuarkusTextDocumentService.lambda$null$1(QuarkusTextDocumentService.java:144)
	at java.base/java.util.concurrent.CompletableFuture.biApply(CompletableFuture.java:1236)
	at java.base/java.util.concurrent.CompletableFuture$BiApply.tryFire(CompletableFuture.java:1205)
	at java.base/java.util.concurrent.CompletableFuture$Completion.exec(CompletableFuture.java:479)
	at java.base/java.util.concurrent.ForkJoinTask.doExec(ForkJoinTask.java:290)
	at java.base/java.util.concurrent.ForkJoinPool$WorkQueue.topLevelExec(ForkJoinPool.java:1020)
	at java.base/java.util.concurrent.ForkJoinPool.scan(ForkJoinPool.java:1656)
	at java.base/java.util.concurrent.ForkJoinPool.runWorker(ForkJoinPool.java:1594)
	at java.base/java.util.concurrent.ForkJoinWorkerThread.run(ForkJoinWorkerThread.java:177)

abr 21, 2020 4:52:10 PM com.redhat.quarkus.services.QuarkusCompletions doComplete
GRAVE: In QuarkusCompletion, position error
com.redhat.quarkus.ls.commons.BadLocationException: The character value, {42} of the line4}, is out of bounds.
	at com.redhat.quarkus.ls.commons.TreeLineTracker.getOffsetAt(TreeLineTracker.java:1214)
	at com.redhat.quarkus.ls.commons.TextDocument.offsetAt(TextDocument.java:76)
	at com.redhat.quarkus.model.PropertiesModel.offsetAt(PropertiesModel.java:168)
	at com.redhat.quarkus.services.QuarkusCompletions.doComplete(QuarkusCompletions.java:76)
	at com.redhat.quarkus.services.QuarkusLanguageService.doComplete(QuarkusLanguageService.java:83)
	at com.redhat.quarkus.ls.QuarkusTextDocumentService.lambda$null$1(QuarkusTextDocumentService.java:144)
	at java.base/java.util.concurrent.CompletableFuture.biApply(CompletableFuture.java:1236)
	at java.base/java.util.concurrent.CompletableFuture$BiApply.tryFire(CompletableFuture.java:1205)
	at java.base/java.util.concurrent.CompletableFuture$Completion.exec(CompletableFuture.java:479)
	at java.base/java.util.concurrent.ForkJoinTask.doExec(ForkJoinTask.java:290)
	at java.base/java.util.concurrent.ForkJoinPool$WorkQueue.topLevelExec(ForkJoinPool.java:1020)
	at java.base/java.util.concurrent.ForkJoinPool.scan(ForkJoinPool.java:1656)
	at java.base/java.util.concurrent.ForkJoinPool.runWorker(ForkJoinPool.java:1594)
	at java.base/java.util.concurrent.ForkJoinWorkerThread.run(ForkJoinWorkerThread.java:177)

abr 21, 2020 4:52:10 PM com.redhat.quarkus.services.QuarkusCompletions doComplete
GRAVE: In QuarkusCompletion, position error
com.redhat.quarkus.ls.commons.BadLocationException: The character value, {42} of the line4}, is out of bounds.
	at com.redhat.quarkus.ls.commons.TreeLineTracker.getOffsetAt(TreeLineTracker.java:1214)
	at com.redhat.quarkus.ls.commons.TextDocument.offsetAt(TextDocument.java:76)
	at com.redhat.quarkus.model.PropertiesModel.offsetAt(PropertiesModel.java:168)
	at com.redhat.quarkus.services.QuarkusCompletions.doComplete(QuarkusCompletions.java:76)
	at com.redhat.quarkus.services.QuarkusLanguageService.doComplete(QuarkusLanguageService.java:83)
	at com.redhat.quarkus.ls.QuarkusTextDocumentService.lambda$null$1(QuarkusTextDocumentService.java:144)
	at java.base/java.util.concurrent.CompletableFuture.biApply(CompletableFuture.java:1236)
	at java.base/java.util.concurrent.CompletableFuture$BiApply.tryFire(CompletableFuture.java:1205)
	at java.base/java.util.concurrent.CompletableFuture$Completion.exec(CompletableFuture.java:479)
	at java.base/java.util.concurrent.ForkJoinTask.doExec(ForkJoinTask.java:290)
	at java.base/java.util.concurrent.ForkJoinPool$WorkQueue.topLevelExec(ForkJoinPool.java:1020)
	at java.base/java.util.concurrent.ForkJoinPool.scan(ForkJoinPool.java:1656)
	at java.base/java.util.concurrent.ForkJoinPool.runWorker(ForkJoinPool.java:1594)
	at java.base/java.util.concurrent.ForkJoinWorkerThread.run(ForkJoinWorkerThread.java:177)

